<?xml version="1.0" encoding="UTF-8"?>
<testng-results ignored="0" total="1" passed="1" failed="0" skipped="0">
  <reporter-output>
  </reporter-output>
  <suite started-at="2024-02-08T18:16:13 IST" name="Default suite" finished-at="2024-02-08T18:16:23 IST" duration-ms="10124">
    <groups>
    </groups>
    <test started-at="2024-02-08T18:16:13 IST" name="Default test" finished-at="2024-02-08T18:16:23 IST" duration-ms="10124">
      <class name="testScripts.BookTest">
        <test-method is-config="true" signature="bs()[pri:0, instance:testScripts.BookTest@43bc63a3]" started-at="2024-02-08T18:16:13 IST" name="bs" finished-at="2024-02-08T18:16:13 IST" duration-ms="143" status="PASS">
          <reporter-output>
          </reporter-output>
        </test-method> <!-- bs -->
        <test-method is-config="true" signature="Bt()[pri:0, instance:testScripts.BookTest@43bc63a3]" started-at="2024-02-08T18:16:13 IST" name="Bt" finished-at="2024-02-08T18:16:13 IST" duration-ms="1" status="PASS">
          <reporter-output>
          </reporter-output>
        </test-method> <!-- Bt -->
        <test-method is-config="true" signature="launch()[pri:0, instance:testScripts.BookTest@43bc63a3]" started-at="2024-02-08T18:16:13 IST" name="launch" finished-at="2024-02-08T18:16:19 IST" duration-ms="5697" status="PASS">
          <reporter-output>
          </reporter-output>
        </test-method> <!-- launch -->
        <test-method is-config="true" signature="Bm(java.lang.reflect.Method)[pri:0, instance:testScripts.BookTest@43bc63a3]" started-at="2024-02-08T18:16:19 IST" name="Bm" finished-at="2024-02-08T18:16:22 IST" duration-ms="3046" status="PASS">
          <params>
            <param index="0">
              <value>
                <![CDATA[public void testScripts.BookTest.bookpage_001()]]>
              </value>
            </param>
          </params>
          <reporter-output>
          </reporter-output>
        </test-method> <!-- Bm -->
        <test-method signature="bookpage_001()[pri:0, instance:testScripts.BookTest@43bc63a3]" started-at="2024-02-08T18:16:22 IST" name="bookpage_001" finished-at="2024-02-08T18:16:22 IST" duration-ms="28" status="PASS">
          <reporter-output>
          </reporter-output>
        </test-method> <!-- bookpage_001 -->
        <test-method is-config="true" signature="Am()[pri:0, instance:testScripts.BookTest@43bc63a3]" started-at="2024-02-08T18:16:22 IST" name="Am" finished-at="2024-02-08T18:16:23 IST" duration-ms="1081" status="PASS">
          <reporter-output>
          </reporter-output>
        </test-method> <!-- Am -->
        <test-method is-config="true" signature="AC()[pri:0, instance:testScripts.BookTest@43bc63a3]" started-at="2024-02-08T18:16:23 IST" name="AC" finished-at="2024-02-08T18:16:23 IST" duration-ms="224" status="PASS">
          <reporter-output>
          </reporter-output>
        </test-method> <!-- AC -->
        <test-method is-config="true" signature="At()[pri:0, instance:testScripts.BookTest@43bc63a3]" started-at="2024-02-08T18:16:23 IST" name="At" finished-at="2024-02-08T18:16:23 IST" duration-ms="0" status="PASS">
          <reporter-output>
          </reporter-output>
        </test-method> <!-- At -->
        <test-method is-config="true" signature="As()[pri:0, instance:testScripts.BookTest@43bc63a3]" started-at="2024-02-08T18:16:23 IST" name="As" finished-at="2024-02-08T18:16:24 IST" duration-ms="396" status="PASS">
          <reporter-output>
          </reporter-output>
        </test-method> <!-- As -->
      </class> <!-- testScripts.BookTest -->
    </test> <!-- Default test -->
  </suite> <!-- Default suite -->
</testng-results>
