<?xml version="1.0" encoding="UTF-8"?>
<!-- Generated by org.testng.reporters.JUnitXMLReporter -->
<testsuite ignored="2" hostname="LAPTOP-H69TK1O3" failures="0" tests="1" name="Default test" time="10.124" errors="0" timestamp="2024-02-08T18:16:23 IST">
  <testcase classname="testScripts.BookTest" name="bookpage_001" time="0.028"/>
  <testcase classname="testScripts.BookTest" name="test" time="0.0">
    <ignored/>
  </testcase> <!-- test -->
  <testcase classname="genericlibrary.BaseClass" name="test1" time="0.0">
    <ignored/>
  </testcase> <!-- test1 -->
</testsuite> <!-- Default test -->
